Arguments: 
  /usr/bin/node /usr/bin/yarn add @types/fs

PATH: 
  /usr/local/bin:/home/paul/.cargo/bin:/home/paul/.cargo/bin:/home/paul/.cargo/bin:/usr/bin:/home/paul/.cargo/bin:/home/paul/.cargo/bin:/home/paul/.cargo/bin:/usr/local/sbin:/home/paul/.cargo/bin:/home/paul/.cargo/bin:/home/paul/.cargo/bin:/opt/cuda/bin:/home/paul/.cargo/bin:/home/paul/.cargo/bin:/home/paul/.cargo/bin:/opt/cuda/nsight_compute:/home/paul/.cargo/bin:/home/paul/.cargo/bin:/home/paul/.cargo/bin:/opt/cuda/nsight_systems/bin:/home/paul/.cargo/bin:/home/paul/.cargo/bin:/home/paul/.cargo/bin:/usr/lib/jvm/default/bin:/home/paul/.cargo/bin:/home/paul/.cargo/bin:/home/paul/.cargo/bin:/usr/bin/site_perl:/home/paul/.cargo/bin:/home/paul/.cargo/bin:/home/paul/.cargo/bin:/usr/bin/vendor_perl:/home/paul/.cargo/bin:/home/paul/.cargo/bin:/home/paul/.cargo/bin:/usr/bin/core_perl:/home/paul/.cargo/bin:/home/paul/.cargo/bin:/home/paul/.cargo/bin

Yarn version: 
  1.22.17

Node version: 
  17.1.0

Platform: 
  linux x64

Trace: 
  Error: https://registry.yarnpkg.com/@types%2ffs: Not found
      at Request.params.callback [as _callback] (/usr/lib/node_modules/yarn/lib/cli.js:67029:18)
      at Request.self.callback (/usr/lib/node_modules/yarn/lib/cli.js:140883:22)
      at Request.emit (node:events:390:28)
      at Request.<anonymous> (/usr/lib/node_modules/yarn/lib/cli.js:141855:10)
      at Request.emit (node:events:390:28)
      at IncomingMessage.<anonymous> (/usr/lib/node_modules/yarn/lib/cli.js:141777:12)
      at Object.onceWrapper (node:events:509:28)
      at IncomingMessage.emit (node:events:402:35)
      at endReadableNT (node:internal/streams/readable:1340:12)
      at processTicksAndRejections (node:internal/process/task_queues:83:21)

npm manifest: 
  {
      "name": "@pektin/client",
      "version": "1.0.14",
      "description": "A client to facilitate the control of pektin dns servers",
      "main": "dist/index.js",
      "types": "src/index.ts",
      "license": "MIT",
      "type": "module",
      "author": {
          "name": "Paul Colin Hennig",
          "url": "https://y.gy",
          "email": "pektin@y.gy"
      },
      "keywords": [
          "pektin",
          "dns",
          "server",
          "client",
          "domain",
          "name",
          "system"
      ],
      "devDependencies": {
          "typescript": "^4.4.4"
      },
      "dependencies": {
          "cross-fetch": "^3.1.4"
      },
      "scripts": {
          "build": "tsc",
          "start": "tsc --watch"
      }
  }

yarn manifest: 
  No manifest

Lockfile: 
  # THIS IS AN AUTOGENERATED FILE. DO NOT EDIT THIS FILE DIRECTLY.
  # yarn lockfile v1
  
  
  cross-fetch@^3.1.4:
    version "3.1.4"
    resolved "https://registry.yarnpkg.com/cross-fetch/-/cross-fetch-3.1.4.tgz#9723f3a3a247bf8b89039f3a380a9244e8fa2f39"
    integrity sha512-1eAtFWdIubi6T4XPy6ei9iUFoKpUkIF971QLN8lIvvvwueI65+Nw5haMNKUwfJxabqlIIDODJKGrQ66gxC0PbQ==
    dependencies:
      node-fetch "2.6.1"
  
  data-uri-to-buffer@^3.0.1:
    version "3.0.1"
    resolved "https://registry.yarnpkg.com/data-uri-to-buffer/-/data-uri-to-buffer-3.0.1.tgz#594b8973938c5bc2c33046535785341abc4f3636"
    integrity sha512-WboRycPNsVw3B3TL559F7kuBUM4d8CgMEvk6xEJlOp7OBPjt6G7z8WMWlD2rOFZLk6OYfFIUGsCOWzcQH9K2og==
  
  fetch-blob@^3.1.2:
    version "3.1.3"
    resolved "https://registry.yarnpkg.com/fetch-blob/-/fetch-blob-3.1.3.tgz#a7dca4855e39d3e3c5a1da62d4ee335c37d26012"
    integrity sha512-ax1Y5I9w+9+JiM+wdHkhBoxew+zG4AJ2SvAD1v1szpddUIiPERVGBxrMcB2ZqW0Y3PP8bOWYv2zqQq1Jp2kqUQ==
    dependencies:
      web-streams-polyfill "^3.0.3"
  
  node-fetch@2.6.1:
    version "2.6.1"
    resolved "https://registry.yarnpkg.com/node-fetch/-/node-fetch-2.6.1.tgz#045bd323631f76ed2e2b55573394416b639a0052"
    integrity sha512-V4aYg89jEoVRxRb2fJdAg8FHvI7cEyYdVAh94HH0UIK8oJxUfkjlDQN9RbMx+bEjP7+ggMiFRprSti032Oipxw==
  
  node-fetch@^3.0.0:
    version "3.0.0"
    resolved "https://registry.yarnpkg.com/node-fetch/-/node-fetch-3.0.0.tgz#79da7146a520036f2c5f644e4a26095f17e411ea"
    integrity sha512-bKMI+C7/T/SPU1lKnbQbwxptpCrG9ashG+VkytmXCPZyuM9jB6VU+hY0oi4lC8LxTtAeWdckNCTa3nrGsAdA3Q==
    dependencies:
      data-uri-to-buffer "^3.0.1"
      fetch-blob "^3.1.2"
  
  typescript@^4.4.4:
    version "4.4.4"
    resolved "https://registry.yarnpkg.com/typescript/-/typescript-4.4.4.tgz#2cd01a1a1f160704d3101fd5a58ff0f9fcb8030c"
    integrity sha512-DqGhF5IKoBl8WNf8C1gu8q0xZSInh9j1kJJMqT3a94w1JzVaBU4EXOSMrz9yDqMT0xt3selp83fuFMQ0uzv6qA==
  
  web-streams-polyfill@^3.0.3:
    version "3.1.1"
    resolved "https://registry.yarnpkg.com/web-streams-polyfill/-/web-streams-polyfill-3.1.1.tgz#1516f2d4ea8f1bdbfed15eb65cb2df87098c8364"
    integrity sha512-Czi3fG883e96T4DLEPRvufrF2ydhOOW1+1a6c3gNjH2aIh50DNFBdfwh2AKoOf1rXvpvavAoA11Qdq9+BKjE0Q==
